2021-11-17 20:37:04.727 [restartedMain] [StartupInfoLogger.java:50] INFO  com.example.springweb.SpringWebApplication - Starting SpringWebApplication on YOGA-14s with PID 33244 (C:\Users\yezhouguo\Desktop\SparkStreaming-BE\target\classes started by yezhouguo in C:\Users\yezhouguo\Desktop\SparkStreaming-BE) 
2021-11-17 20:37:04.731 [restartedMain] [SpringApplication.java:647] INFO  com.example.springweb.SpringWebApplication - No active profile set, falling back to default profiles: default 
2021-11-17 20:37:04.871 [restartedMain] [TomcatWebServer.java:90] INFO  org.springframework.boot.web.embedded.tomcat.TomcatWebServer - Tomcat initialized with port(s): 8001 (http) 
2021-11-17 20:37:04.872 [restartedMain] [DirectJDKLog.java:173] INFO  org.apache.coyote.http11.Http11NioProtocol - Initializing ProtocolHandler ["http-nio-8001"] 
2021-11-17 20:37:04.873 [restartedMain] [DirectJDKLog.java:173] INFO  org.apache.catalina.core.StandardService - Starting service [Tomcat] 
2021-11-17 20:37:04.873 [restartedMain] [DirectJDKLog.java:173] INFO  org.apache.catalina.core.StandardEngine - Starting Servlet engine: [Apache Tomcat/9.0.22] 
2021-11-17 20:37:04.888 [restartedMain] [DirectJDKLog.java:173] INFO  org.apache.catalina.core.ContainerBase.[Tomcat-20].[localhost].[/] - Initializing Spring embedded WebApplicationContext 
2021-11-17 20:37:04.888 [restartedMain] [ServletWebServerApplicationContext.java:284] INFO  org.springframework.web.context.ContextLoader - Root WebApplicationContext: initialization completed in 156 ms 
2021-11-17 20:37:04.923 [restartedMain] [ExecutorConfigurationSupport.java:171] INFO  org.springframework.scheduling.concurrent.ThreadPoolTaskExecutor - Initializing ExecutorService 'applicationTaskExecutor' 
2021-11-17 20:37:04.938 [restartedMain] [ThymeleafAutoConfiguration.java:106] WARN  org.springframework.boot.autoconfigure.thymeleaf.ThymeleafAutoConfiguration$DefaultTemplateResolverConfiguration - Cannot find template location: classpath:/templates/ (please add some templates or check your Thymeleaf configuration) 
2021-11-17 20:37:04.951 [restartedMain] [ExecutorConfigurationSupport.java:171] INFO  org.springframework.scheduling.concurrent.ThreadPoolTaskScheduler - Initializing ExecutorService 'taskScheduler' 
2021-11-17 20:37:04.959 [restartedMain] [OptionalLiveReloadServer.java:57] INFO  org.springframework.boot.devtools.autoconfigure.OptionalLiveReloadServer - LiveReload server is running on port 35729 
2021-11-17 20:37:04.965 [restartedMain] [DirectJDKLog.java:173] INFO  org.apache.coyote.http11.Http11NioProtocol - Starting ProtocolHandler ["http-nio-8001"] 
2021-11-17 20:37:04.968 [restartedMain] [TomcatWebServer.java:202] INFO  org.springframework.boot.web.embedded.tomcat.TomcatWebServer - Tomcat started on port(s): 8001 (http) with context path '' 
2021-11-17 20:37:04.978 [restartedMain] [StartupInfoLogger.java:59] INFO  com.example.springweb.SpringWebApplication - Started SpringWebApplication in 0.267 seconds (JVM running for 6253.596) 
2021-11-17 20:37:04.979 [restartedMain] [ConditionEvaluationDeltaLoggingListener.java:63] INFO  org.springframework.boot.devtools.autoconfigure.ConditionEvaluationDeltaLoggingListener - Condition evaluation unchanged 
2021-11-17 20:45:00.863 [Thread-426] [ExecutorConfigurationSupport.java:208] INFO  org.springframework.scheduling.concurrent.ThreadPoolTaskScheduler - Shutting down ExecutorService 'taskScheduler' 
2021-11-17 20:45:00.865 [Thread-426] [ExecutorConfigurationSupport.java:208] INFO  org.springframework.scheduling.concurrent.ThreadPoolTaskExecutor - Shutting down ExecutorService 'applicationTaskExecutor' 
2021-11-17 20:45:01.077 [restartedMain] [StartupInfoLogger.java:50] INFO  com.example.springweb.SpringWebApplication - Starting SpringWebApplication on YOGA-14s with PID 33244 (C:\Users\yezhouguo\Desktop\SparkStreaming-BE\target\classes started by yezhouguo in C:\Users\yezhouguo\Desktop\SparkStreaming-BE) 
2021-11-17 20:45:01.077 [restartedMain] [SpringApplication.java:647] INFO  com.example.springweb.SpringWebApplication - No active profile set, falling back to default profiles: default 
2021-11-17 20:45:01.190 [restartedMain] [TomcatWebServer.java:90] INFO  org.springframework.boot.web.embedded.tomcat.TomcatWebServer - Tomcat initialized with port(s): 8001 (http) 
2021-11-17 20:45:01.191 [restartedMain] [DirectJDKLog.java:173] INFO  org.apache.coyote.http11.Http11NioProtocol - Initializing ProtocolHandler ["http-nio-8001"] 
2021-11-17 20:45:01.192 [restartedMain] [DirectJDKLog.java:173] INFO  org.apache.catalina.core.StandardService - Starting service [Tomcat] 
2021-11-17 20:45:01.192 [restartedMain] [DirectJDKLog.java:173] INFO  org.apache.catalina.core.StandardEngine - Starting Servlet engine: [Apache Tomcat/9.0.22] 
2021-11-17 20:45:01.201 [restartedMain] [DirectJDKLog.java:173] INFO  org.apache.catalina.core.ContainerBase.[Tomcat-20].[localhost].[/] - Initializing Spring embedded WebApplicationContext 
2021-11-17 20:45:01.201 [restartedMain] [ServletWebServerApplicationContext.java:284] INFO  org.springframework.web.context.ContextLoader - Root WebApplicationContext: initialization completed in 122 ms 
2021-11-17 20:45:01.242 [restartedMain] [ExecutorConfigurationSupport.java:171] INFO  org.springframework.scheduling.concurrent.ThreadPoolTaskExecutor - Initializing ExecutorService 'applicationTaskExecutor' 
2021-11-17 20:45:01.255 [restartedMain] [ThymeleafAutoConfiguration.java:106] WARN  org.springframework.boot.autoconfigure.thymeleaf.ThymeleafAutoConfiguration$DefaultTemplateResolverConfiguration - Cannot find template location: classpath:/templates/ (please add some templates or check your Thymeleaf configuration) 
2021-11-17 20:45:01.262 [restartedMain] [ExecutorConfigurationSupport.java:171] INFO  org.springframework.scheduling.concurrent.ThreadPoolTaskScheduler - Initializing ExecutorService 'taskScheduler' 
2021-11-17 20:45:01.269 [restartedMain] [OptionalLiveReloadServer.java:57] INFO  org.springframework.boot.devtools.autoconfigure.OptionalLiveReloadServer - LiveReload server is running on port 35729 
2021-11-17 20:45:01.274 [restartedMain] [DirectJDKLog.java:173] INFO  org.apache.coyote.http11.Http11NioProtocol - Starting ProtocolHandler ["http-nio-8001"] 
2021-11-17 20:45:01.277 [restartedMain] [TomcatWebServer.java:202] INFO  org.springframework.boot.web.embedded.tomcat.TomcatWebServer - Tomcat started on port(s): 8001 (http) with context path '' 
2021-11-17 20:45:01.277 [restartedMain] [StartupInfoLogger.java:59] INFO  com.example.springweb.SpringWebApplication - Started SpringWebApplication in 0.219 seconds (JVM running for 6729.896) 
2021-11-17 20:45:01.278 [restartedMain] [ConditionEvaluationDeltaLoggingListener.java:63] INFO  org.springframework.boot.devtools.autoconfigure.ConditionEvaluationDeltaLoggingListener - Condition evaluation unchanged 
2021-11-17 20:45:12.700 [Thread-435] [ExecutorConfigurationSupport.java:208] INFO  org.springframework.scheduling.concurrent.ThreadPoolTaskScheduler - Shutting down ExecutorService 'taskScheduler' 
2021-11-17 20:45:12.701 [Thread-435] [ExecutorConfigurationSupport.java:208] INFO  org.springframework.scheduling.concurrent.ThreadPoolTaskExecutor - Shutting down ExecutorService 'applicationTaskExecutor' 
