2021-11-17 20:10:39.719 [restartedMain] [StartupInfoLogger.java:50] INFO  com.example.springweb.SpringWebApplication - Starting SpringWebApplication on YOGA-14s with PID 33244 (C:\Users\yezhouguo\Desktop\SparkStreaming-BE\target\classes started by yezhouguo in C:\Users\yezhouguo\Desktop\SparkStreaming-BE) 
2021-11-17 20:10:39.725 [restartedMain] [SpringApplication.java:647] INFO  com.example.springweb.SpringWebApplication - No active profile set, falling back to default profiles: default 
2021-11-17 20:10:39.831 [restartedMain] [TomcatWebServer.java:90] INFO  org.springframework.boot.web.embedded.tomcat.TomcatWebServer - Tomcat initialized with port(s): 8001 (http) 
2021-11-17 20:10:39.832 [restartedMain] [DirectJDKLog.java:173] INFO  org.apache.coyote.http11.Http11NioProtocol - Initializing ProtocolHandler ["http-nio-8001"] 
2021-11-17 20:10:39.845 [restartedMain] [DirectJDKLog.java:173] INFO  org.apache.catalina.core.StandardService - Starting service [Tomcat] 
2021-11-17 20:10:39.846 [restartedMain] [DirectJDKLog.java:173] INFO  org.apache.catalina.core.StandardEngine - Starting Servlet engine: [Apache Tomcat/9.0.22] 
2021-11-17 20:10:39.859 [restartedMain] [DirectJDKLog.java:173] INFO  org.apache.catalina.core.ContainerBase.[Tomcat-19].[localhost].[/] - Initializing Spring embedded WebApplicationContext 
2021-11-17 20:10:39.860 [restartedMain] [ServletWebServerApplicationContext.java:284] INFO  org.springframework.web.context.ContextLoader - Root WebApplicationContext: initialization completed in 134 ms 
2021-11-17 20:10:39.893 [restartedMain] [ExecutorConfigurationSupport.java:171] INFO  org.springframework.scheduling.concurrent.ThreadPoolTaskExecutor - Initializing ExecutorService 'applicationTaskExecutor' 
2021-11-17 20:10:39.906 [restartedMain] [ThymeleafAutoConfiguration.java:106] WARN  org.springframework.boot.autoconfigure.thymeleaf.ThymeleafAutoConfiguration$DefaultTemplateResolverConfiguration - Cannot find template location: classpath:/templates/ (please add some templates or check your Thymeleaf configuration) 
2021-11-17 20:10:39.914 [restartedMain] [ExecutorConfigurationSupport.java:171] INFO  org.springframework.scheduling.concurrent.ThreadPoolTaskScheduler - Initializing ExecutorService 'taskScheduler' 
2021-11-17 20:10:39.922 [restartedMain] [OptionalLiveReloadServer.java:57] INFO  org.springframework.boot.devtools.autoconfigure.OptionalLiveReloadServer - LiveReload server is running on port 35729 
2021-11-17 20:10:39.928 [restartedMain] [DirectJDKLog.java:173] INFO  org.apache.coyote.http11.Http11NioProtocol - Starting ProtocolHandler ["http-nio-8001"] 
2021-11-17 20:10:39.933 [restartedMain] [TomcatWebServer.java:202] INFO  org.springframework.boot.web.embedded.tomcat.TomcatWebServer - Tomcat started on port(s): 8001 (http) with context path '' 
2021-11-17 20:10:39.934 [restartedMain] [StartupInfoLogger.java:59] INFO  com.example.springweb.SpringWebApplication - Started SpringWebApplication in 0.242 seconds (JVM running for 4668.552) 
2021-11-17 20:10:39.935 [restartedMain] [ConditionEvaluationDeltaLoggingListener.java:63] INFO  org.springframework.boot.devtools.autoconfigure.ConditionEvaluationDeltaLoggingListener - Condition evaluation unchanged 
2021-11-17 20:18:54.136 [Thread-387] [ExecutorConfigurationSupport.java:208] INFO  org.springframework.scheduling.concurrent.ThreadPoolTaskScheduler - Shutting down ExecutorService 'taskScheduler' 
2021-11-17 20:18:54.137 [Thread-387] [ExecutorConfigurationSupport.java:208] INFO  org.springframework.scheduling.concurrent.ThreadPoolTaskExecutor - Shutting down ExecutorService 'applicationTaskExecutor' 
2021-11-17 20:18:54.365 [restartedMain] [StartupInfoLogger.java:50] INFO  com.example.springweb.SpringWebApplication - Starting SpringWebApplication on YOGA-14s with PID 33244 (C:\Users\yezhouguo\Desktop\SparkStreaming-BE\target\classes started by yezhouguo in C:\Users\yezhouguo\Desktop\SparkStreaming-BE) 
2021-11-17 20:18:54.366 [restartedMain] [SpringApplication.java:647] INFO  com.example.springweb.SpringWebApplication - No active profile set, falling back to default profiles: default 
2021-11-17 20:18:54.485 [restartedMain] [TomcatWebServer.java:90] INFO  org.springframework.boot.web.embedded.tomcat.TomcatWebServer - Tomcat initialized with port(s): 8001 (http) 
2021-11-17 20:18:54.486 [restartedMain] [DirectJDKLog.java:173] INFO  org.apache.coyote.http11.Http11NioProtocol - Initializing ProtocolHandler ["http-nio-8001"] 
2021-11-17 20:18:54.487 [restartedMain] [DirectJDKLog.java:173] INFO  org.apache.catalina.core.StandardService - Starting service [Tomcat] 
2021-11-17 20:18:54.487 [restartedMain] [DirectJDKLog.java:173] INFO  org.apache.catalina.core.StandardEngine - Starting Servlet engine: [Apache Tomcat/9.0.22] 
2021-11-17 20:18:54.496 [restartedMain] [DirectJDKLog.java:173] INFO  org.apache.catalina.core.ContainerBase.[Tomcat-19].[localhost].[/] - Initializing Spring embedded WebApplicationContext 
2021-11-17 20:18:54.496 [restartedMain] [ServletWebServerApplicationContext.java:284] INFO  org.springframework.web.context.ContextLoader - Root WebApplicationContext: initialization completed in 128 ms 
2021-11-17 20:18:54.527 [restartedMain] [ExecutorConfigurationSupport.java:171] INFO  org.springframework.scheduling.concurrent.ThreadPoolTaskExecutor - Initializing ExecutorService 'applicationTaskExecutor' 
2021-11-17 20:18:54.538 [restartedMain] [ThymeleafAutoConfiguration.java:106] WARN  org.springframework.boot.autoconfigure.thymeleaf.ThymeleafAutoConfiguration$DefaultTemplateResolverConfiguration - Cannot find template location: classpath:/templates/ (please add some templates or check your Thymeleaf configuration) 
2021-11-17 20:18:54.547 [restartedMain] [ExecutorConfigurationSupport.java:171] INFO  org.springframework.scheduling.concurrent.ThreadPoolTaskScheduler - Initializing ExecutorService 'taskScheduler' 
2021-11-17 20:18:54.577 [restartedMain] [OptionalLiveReloadServer.java:57] INFO  org.springframework.boot.devtools.autoconfigure.OptionalLiveReloadServer - LiveReload server is running on port 35729 
2021-11-17 20:18:54.582 [restartedMain] [DirectJDKLog.java:173] INFO  org.apache.coyote.http11.Http11NioProtocol - Starting ProtocolHandler ["http-nio-8001"] 
2021-11-17 20:18:54.585 [restartedMain] [TomcatWebServer.java:202] INFO  org.springframework.boot.web.embedded.tomcat.TomcatWebServer - Tomcat started on port(s): 8001 (http) with context path '' 
2021-11-17 20:18:54.585 [restartedMain] [StartupInfoLogger.java:59] INFO  com.example.springweb.SpringWebApplication - Started SpringWebApplication in 0.239 seconds (JVM running for 5163.204) 
2021-11-17 20:18:54.586 [restartedMain] [ConditionEvaluationDeltaLoggingListener.java:63] INFO  org.springframework.boot.devtools.autoconfigure.ConditionEvaluationDeltaLoggingListener - Condition evaluation unchanged 
2021-11-17 20:19:10.041 [Thread-396] [ExecutorConfigurationSupport.java:208] INFO  org.springframework.scheduling.concurrent.ThreadPoolTaskScheduler - Shutting down ExecutorService 'taskScheduler' 
2021-11-17 20:19:10.042 [Thread-396] [ExecutorConfigurationSupport.java:208] INFO  org.springframework.scheduling.concurrent.ThreadPoolTaskExecutor - Shutting down ExecutorService 'applicationTaskExecutor' 
2021-11-17 20:19:10.318 [restartedMain] [StartupInfoLogger.java:50] INFO  com.example.springweb.SpringWebApplication - Starting SpringWebApplication on YOGA-14s with PID 33244 (C:\Users\yezhouguo\Desktop\SparkStreaming-BE\target\classes started by yezhouguo in C:\Users\yezhouguo\Desktop\SparkStreaming-BE) 
2021-11-17 20:19:10.319 [restartedMain] [SpringApplication.java:647] INFO  com.example.springweb.SpringWebApplication - No active profile set, falling back to default profiles: default 
2021-11-17 20:19:10.428 [restartedMain] [TomcatWebServer.java:90] INFO  org.springframework.boot.web.embedded.tomcat.TomcatWebServer - Tomcat initialized with port(s): 8001 (http) 
2021-11-17 20:19:10.430 [restartedMain] [DirectJDKLog.java:173] INFO  org.apache.coyote.http11.Http11NioProtocol - Initializing ProtocolHandler ["http-nio-8001"] 
2021-11-17 20:19:10.431 [restartedMain] [DirectJDKLog.java:173] INFO  org.apache.catalina.core.StandardService - Starting service [Tomcat] 
2021-11-17 20:19:10.431 [restartedMain] [DirectJDKLog.java:173] INFO  org.apache.catalina.core.StandardEngine - Starting Servlet engine: [Apache Tomcat/9.0.22] 
2021-11-17 20:19:10.444 [restartedMain] [DirectJDKLog.java:173] INFO  org.apache.catalina.core.ContainerBase.[Tomcat-19].[localhost].[/] - Initializing Spring embedded WebApplicationContext 
2021-11-17 20:19:10.445 [restartedMain] [ServletWebServerApplicationContext.java:284] INFO  org.springframework.web.context.ContextLoader - Root WebApplicationContext: initialization completed in 125 ms 
2021-11-17 20:19:10.489 [restartedMain] [ExecutorConfigurationSupport.java:171] INFO  org.springframework.scheduling.concurrent.ThreadPoolTaskExecutor - Initializing ExecutorService 'applicationTaskExecutor' 
2021-11-17 20:19:10.502 [restartedMain] [ThymeleafAutoConfiguration.java:106] WARN  org.springframework.boot.autoconfigure.thymeleaf.ThymeleafAutoConfiguration$DefaultTemplateResolverConfiguration - Cannot find template location: classpath:/templates/ (please add some templates or check your Thymeleaf configuration) 
2021-11-17 20:19:10.510 [restartedMain] [ExecutorConfigurationSupport.java:171] INFO  org.springframework.scheduling.concurrent.ThreadPoolTaskScheduler - Initializing ExecutorService 'taskScheduler' 
2021-11-17 20:19:10.517 [restartedMain] [OptionalLiveReloadServer.java:57] INFO  org.springframework.boot.devtools.autoconfigure.OptionalLiveReloadServer - LiveReload server is running on port 35729 
2021-11-17 20:19:10.524 [restartedMain] [DirectJDKLog.java:173] INFO  org.apache.coyote.http11.Http11NioProtocol - Starting ProtocolHandler ["http-nio-8001"] 
2021-11-17 20:19:10.527 [restartedMain] [TomcatWebServer.java:202] INFO  org.springframework.boot.web.embedded.tomcat.TomcatWebServer - Tomcat started on port(s): 8001 (http) with context path '' 
2021-11-17 20:19:10.528 [restartedMain] [StartupInfoLogger.java:59] INFO  com.example.springweb.SpringWebApplication - Started SpringWebApplication in 0.227 seconds (JVM running for 5179.146) 
2021-11-17 20:19:10.529 [restartedMain] [ConditionEvaluationDeltaLoggingListener.java:63] INFO  org.springframework.boot.devtools.autoconfigure.ConditionEvaluationDeltaLoggingListener - Condition evaluation unchanged 
2021-11-17 20:19:43.064 [Thread-402] [ExecutorConfigurationSupport.java:208] INFO  org.springframework.scheduling.concurrent.ThreadPoolTaskScheduler - Shutting down ExecutorService 'taskScheduler' 
2021-11-17 20:19:43.065 [Thread-402] [ExecutorConfigurationSupport.java:208] INFO  org.springframework.scheduling.concurrent.ThreadPoolTaskExecutor - Shutting down ExecutorService 'applicationTaskExecutor' 
2021-11-17 20:19:43.275 [restartedMain] [StartupInfoLogger.java:50] INFO  com.example.springweb.SpringWebApplication - Starting SpringWebApplication on YOGA-14s with PID 33244 (C:\Users\yezhouguo\Desktop\SparkStreaming-BE\target\classes started by yezhouguo in C:\Users\yezhouguo\Desktop\SparkStreaming-BE) 
2021-11-17 20:19:43.276 [restartedMain] [SpringApplication.java:647] INFO  com.example.springweb.SpringWebApplication - No active profile set, falling back to default profiles: default 
2021-11-17 20:19:43.392 [restartedMain] [TomcatWebServer.java:90] INFO  org.springframework.boot.web.embedded.tomcat.TomcatWebServer - Tomcat initialized with port(s): 8001 (http) 
2021-11-17 20:19:43.394 [restartedMain] [DirectJDKLog.java:173] INFO  org.apache.coyote.http11.Http11NioProtocol - Initializing ProtocolHandler ["http-nio-8001"] 
2021-11-17 20:19:43.394 [restartedMain] [DirectJDKLog.java:173] INFO  org.apache.catalina.core.StandardService - Starting service [Tomcat] 
2021-11-17 20:19:43.395 [restartedMain] [DirectJDKLog.java:173] INFO  org.apache.catalina.core.StandardEngine - Starting Servlet engine: [Apache Tomcat/9.0.22] 
2021-11-17 20:19:43.404 [restartedMain] [DirectJDKLog.java:173] INFO  org.apache.catalina.core.ContainerBase.[Tomcat-19].[localhost].[/] - Initializing Spring embedded WebApplicationContext 
2021-11-17 20:19:43.405 [restartedMain] [ServletWebServerApplicationContext.java:284] INFO  org.springframework.web.context.ContextLoader - Root WebApplicationContext: initialization completed in 128 ms 
2021-11-17 20:19:43.436 [restartedMain] [ExecutorConfigurationSupport.java:171] INFO  org.springframework.scheduling.concurrent.ThreadPoolTaskExecutor - Initializing ExecutorService 'applicationTaskExecutor' 
2021-11-17 20:19:43.457 [restartedMain] [ThymeleafAutoConfiguration.java:106] WARN  org.springframework.boot.autoconfigure.thymeleaf.ThymeleafAutoConfiguration$DefaultTemplateResolverConfiguration - Cannot find template location: classpath:/templates/ (please add some templates or check your Thymeleaf configuration) 
2021-11-17 20:19:43.466 [restartedMain] [ExecutorConfigurationSupport.java:171] INFO  org.springframework.scheduling.concurrent.ThreadPoolTaskScheduler - Initializing ExecutorService 'taskScheduler' 
2021-11-17 20:19:43.474 [restartedMain] [OptionalLiveReloadServer.java:57] INFO  org.springframework.boot.devtools.autoconfigure.OptionalLiveReloadServer - LiveReload server is running on port 35729 
2021-11-17 20:19:43.479 [restartedMain] [DirectJDKLog.java:173] INFO  org.apache.coyote.http11.Http11NioProtocol - Starting ProtocolHandler ["http-nio-8001"] 
2021-11-17 20:19:43.483 [restartedMain] [TomcatWebServer.java:202] INFO  org.springframework.boot.web.embedded.tomcat.TomcatWebServer - Tomcat started on port(s): 8001 (http) with context path '' 
2021-11-17 20:19:43.483 [restartedMain] [StartupInfoLogger.java:59] INFO  com.example.springweb.SpringWebApplication - Started SpringWebApplication in 0.224 seconds (JVM running for 5212.102) 
2021-11-17 20:19:43.484 [restartedMain] [ConditionEvaluationDeltaLoggingListener.java:63] INFO  org.springframework.boot.devtools.autoconfigure.ConditionEvaluationDeltaLoggingListener - Condition evaluation unchanged 
2021-11-17 20:31:35.109 [Thread-408] [ExecutorConfigurationSupport.java:208] INFO  org.springframework.scheduling.concurrent.ThreadPoolTaskScheduler - Shutting down ExecutorService 'taskScheduler' 
2021-11-17 20:31:35.110 [Thread-408] [ExecutorConfigurationSupport.java:208] INFO  org.springframework.scheduling.concurrent.ThreadPoolTaskExecutor - Shutting down ExecutorService 'applicationTaskExecutor' 
2021-11-17 20:31:35.304 [restartedMain] [StartupInfoLogger.java:50] INFO  com.example.springweb.SpringWebApplication - Starting SpringWebApplication on YOGA-14s with PID 33244 (C:\Users\yezhouguo\Desktop\SparkStreaming-BE\target\classes started by yezhouguo in C:\Users\yezhouguo\Desktop\SparkStreaming-BE) 
2021-11-17 20:31:35.305 [restartedMain] [SpringApplication.java:647] INFO  com.example.springweb.SpringWebApplication - No active profile set, falling back to default profiles: default 
2021-11-17 20:31:35.445 [restartedMain] [TomcatWebServer.java:90] INFO  org.springframework.boot.web.embedded.tomcat.TomcatWebServer - Tomcat initialized with port(s): 8001 (http) 
2021-11-17 20:31:35.446 [restartedMain] [DirectJDKLog.java:173] INFO  org.apache.coyote.http11.Http11NioProtocol - Initializing ProtocolHandler ["http-nio-8001"] 
2021-11-17 20:31:35.447 [restartedMain] [DirectJDKLog.java:173] INFO  org.apache.catalina.core.StandardService - Starting service [Tomcat] 
2021-11-17 20:31:35.447 [restartedMain] [DirectJDKLog.java:173] INFO  org.apache.catalina.core.StandardEngine - Starting Servlet engine: [Apache Tomcat/9.0.22] 
2021-11-17 20:31:35.458 [restartedMain] [DirectJDKLog.java:173] INFO  org.apache.catalina.core.ContainerBase.[Tomcat-19].[localhost].[/] - Initializing Spring embedded WebApplicationContext 
2021-11-17 20:31:35.458 [restartedMain] [ServletWebServerApplicationContext.java:284] INFO  org.springframework.web.context.ContextLoader - Root WebApplicationContext: initialization completed in 152 ms 
2021-11-17 20:31:35.499 [restartedMain] [ExecutorConfigurationSupport.java:171] INFO  org.springframework.scheduling.concurrent.ThreadPoolTaskExecutor - Initializing ExecutorService 'applicationTaskExecutor' 
2021-11-17 20:31:35.516 [restartedMain] [ThymeleafAutoConfiguration.java:106] WARN  org.springframework.boot.autoconfigure.thymeleaf.ThymeleafAutoConfiguration$DefaultTemplateResolverConfiguration - Cannot find template location: classpath:/templates/ (please add some templates or check your Thymeleaf configuration) 
2021-11-17 20:31:35.531 [restartedMain] [ExecutorConfigurationSupport.java:171] INFO  org.springframework.scheduling.concurrent.ThreadPoolTaskScheduler - Initializing ExecutorService 'taskScheduler' 
2021-11-17 20:31:35.537 [restartedMain] [OptionalLiveReloadServer.java:57] INFO  org.springframework.boot.devtools.autoconfigure.OptionalLiveReloadServer - LiveReload server is running on port 35729 
2021-11-17 20:31:35.542 [restartedMain] [DirectJDKLog.java:173] INFO  org.apache.coyote.http11.Http11NioProtocol - Starting ProtocolHandler ["http-nio-8001"] 
2021-11-17 20:31:35.545 [restartedMain] [TomcatWebServer.java:202] INFO  org.springframework.boot.web.embedded.tomcat.TomcatWebServer - Tomcat started on port(s): 8001 (http) with context path '' 
2021-11-17 20:31:35.546 [restartedMain] [StartupInfoLogger.java:59] INFO  com.example.springweb.SpringWebApplication - Started SpringWebApplication in 0.257 seconds (JVM running for 5924.165) 
2021-11-17 20:31:35.547 [restartedMain] [ConditionEvaluationDeltaLoggingListener.java:63] INFO  org.springframework.boot.devtools.autoconfigure.ConditionEvaluationDeltaLoggingListener - Condition evaluation unchanged 
2021-11-17 20:36:56.950 [Thread-414] [ExecutorConfigurationSupport.java:208] INFO  org.springframework.scheduling.concurrent.ThreadPoolTaskScheduler - Shutting down ExecutorService 'taskScheduler' 
2021-11-17 20:36:56.951 [Thread-414] [ExecutorConfigurationSupport.java:208] INFO  org.springframework.scheduling.concurrent.ThreadPoolTaskExecutor - Shutting down ExecutorService 'applicationTaskExecutor' 
2021-11-17 20:36:57.155 [restartedMain] [StartupInfoLogger.java:50] INFO  com.example.springweb.SpringWebApplication - Starting SpringWebApplication on YOGA-14s with PID 33244 (C:\Users\yezhouguo\Desktop\SparkStreaming-BE\target\classes started by yezhouguo in C:\Users\yezhouguo\Desktop\SparkStreaming-BE) 
2021-11-17 20:36:57.156 [restartedMain] [SpringApplication.java:647] INFO  com.example.springweb.SpringWebApplication - No active profile set, falling back to default profiles: default 
2021-11-17 20:36:57.275 [restartedMain] [TomcatWebServer.java:90] INFO  org.springframework.boot.web.embedded.tomcat.TomcatWebServer - Tomcat initialized with port(s): 8001 (http) 
2021-11-17 20:36:57.276 [restartedMain] [DirectJDKLog.java:173] INFO  org.apache.coyote.http11.Http11NioProtocol - Initializing ProtocolHandler ["http-nio-8001"] 
2021-11-17 20:36:57.277 [restartedMain] [DirectJDKLog.java:173] INFO  org.apache.catalina.core.StandardService - Starting service [Tomcat] 
2021-11-17 20:36:57.277 [restartedMain] [DirectJDKLog.java:173] INFO  org.apache.catalina.core.StandardEngine - Starting Servlet engine: [Apache Tomcat/9.0.22] 
2021-11-17 20:36:57.287 [restartedMain] [DirectJDKLog.java:173] INFO  org.apache.catalina.core.ContainerBase.[Tomcat-19].[localhost].[/] - Initializing Spring embedded WebApplicationContext 
2021-11-17 20:36:57.287 [restartedMain] [ServletWebServerApplicationContext.java:284] INFO  org.springframework.web.context.ContextLoader - Root WebApplicationContext: initialization completed in 130 ms 
2021-11-17 20:36:57.326 [restartedMain] [ExecutorConfigurationSupport.java:171] INFO  org.springframework.scheduling.concurrent.ThreadPoolTaskExecutor - Initializing ExecutorService 'applicationTaskExecutor' 
2021-11-17 20:36:57.339 [restartedMain] [ThymeleafAutoConfiguration.java:106] WARN  org.springframework.boot.autoconfigure.thymeleaf.ThymeleafAutoConfiguration$DefaultTemplateResolverConfiguration - Cannot find template location: classpath:/templates/ (please add some templates or check your Thymeleaf configuration) 
2021-11-17 20:36:57.348 [restartedMain] [ExecutorConfigurationSupport.java:171] INFO  org.springframework.scheduling.concurrent.ThreadPoolTaskScheduler - Initializing ExecutorService 'taskScheduler' 
2021-11-17 20:36:57.356 [restartedMain] [OptionalLiveReloadServer.java:57] INFO  org.springframework.boot.devtools.autoconfigure.OptionalLiveReloadServer - LiveReload server is running on port 35729 
2021-11-17 20:36:57.362 [restartedMain] [DirectJDKLog.java:173] INFO  org.apache.coyote.http11.Http11NioProtocol - Starting ProtocolHandler ["http-nio-8001"] 
2021-11-17 20:36:57.365 [restartedMain] [TomcatWebServer.java:202] INFO  org.springframework.boot.web.embedded.tomcat.TomcatWebServer - Tomcat started on port(s): 8001 (http) with context path '' 
2021-11-17 20:36:57.365 [restartedMain] [StartupInfoLogger.java:59] INFO  com.example.springweb.SpringWebApplication - Started SpringWebApplication in 0.224 seconds (JVM running for 6245.984) 
2021-11-17 20:36:57.366 [restartedMain] [ConditionEvaluationDeltaLoggingListener.java:63] INFO  org.springframework.boot.devtools.autoconfigure.ConditionEvaluationDeltaLoggingListener - Condition evaluation unchanged 
2021-11-17 20:37:01.767 [Thread-420] [ExecutorConfigurationSupport.java:208] INFO  org.springframework.scheduling.concurrent.ThreadPoolTaskScheduler - Shutting down ExecutorService 'taskScheduler' 
2021-11-17 20:37:01.767 [Thread-420] [ExecutorConfigurationSupport.java:208] INFO  org.springframework.scheduling.concurrent.ThreadPoolTaskExecutor - Shutting down ExecutorService 'applicationTaskExecutor' 
